This is pdfTeX, Version 3.141592653-2.6-1.40.24 (TeX Live 2022) (preloaded format=pdflatex 2022.10.30)  30 OCT 2022 22:18
entering extended mode
 restricted \write18 enabled.
 %&-line parsing enabled.
**Assignment-5.tex
(./Assignment-5.tex
LaTeX2e <2022-06-01> patch level 5
L3 programming layer <2022-10-26> (c:/Users/denis/AppData/Roaming/TinyTeX/texmf-dist/tex/latex/base/article.cls
Document Class: article 2021/10/04 v1.4n Standard LaTeX document class
(c:/Users/denis/AppData/Roaming/TinyTeX/texmf-dist/tex/latex/base/size10.clo
File: size10.clo 2021/10/04 v1.4n Standard LaTeX file (size option)
)
\c@part=\count185
\c@section=\count186
\c@subsection=\count187
\c@subsubsection=\count188
\c@paragraph=\count189
\c@subparagraph=\count190
\c@figure=\count191
\c@table=\count192
\abovecaptionskip=\skip47
\belowcaptionskip=\skip48
\bibindent=\dimen138
) (c:/Users/denis/AppData/Roaming/TinyTeX/texmf-dist/tex/latex/amsmath/amsmath.sty
Package: amsmath 2022/04/08 v2.17n AMS math features
\@mathmargin=\skip49
For additional information on amsmath, use the `?' option.
(c:/Users/denis/AppData/Roaming/TinyTeX/texmf-dist/tex/latex/amsmath/amstext.sty
Package: amstext 2021/08/26 v2.01 AMS text
(c:/Users/denis/AppData/Roaming/TinyTeX/texmf-dist/tex/latex/amsmath/amsgen.sty
File: amsgen.sty 1999/11/30 v2.0 generic functions
\@emptytoks=\toks16
\ex@=\dimen139
)) (c:/Users/denis/AppData/Roaming/TinyTeX/texmf-dist/tex/latex/amsmath/amsbsy.sty
Package: amsbsy 1999/11/29 v1.2d Bold Symbols
\pmbraise@=\dimen140
) (c:/Users/denis/AppData/Roaming/TinyTeX/texmf-dist/tex/latex/amsmath/amsopn.sty
Package: amsopn 2022/04/08 v2.04 operator names
)
\inf@bad=\count193
LaTeX Info: Redefining \frac on input line 234.
\uproot@=\count194
\leftroot@=\count195
LaTeX Info: Redefining \overline on input line 399.
LaTeX Info: Redefining \colon on input line 410.
\classnum@=\count196
\DOTSCASE@=\count197
LaTeX Info: Redefining \ldots on input line 496.
LaTeX Info: Redefining \dots on input line 499.
LaTeX Info: Redefining \cdots on input line 620.
\Mathstrutbox@=\box51
\strutbox@=\box52
LaTeX Info: Redefining \big on input line 722.
LaTeX Info: Redefining \Big on input line 723.
LaTeX Info: Redefining \bigg on input line 724.
LaTeX Info: Redefining \Bigg on input line 725.
\big@size=\dimen141
LaTeX Font Info:    Redeclaring font encoding OML on input line 743.
LaTeX Font Info:    Redeclaring font encoding OMS on input line 744.
\macc@depth=\count198
LaTeX Info: Redefining \bmod on input line 905.
LaTeX Info: Redefining \pmod on input line 910.
LaTeX Info: Redefining \smash on input line 940.
LaTeX Info: Redefining \relbar on input line 970.
LaTeX Info: Redefining \Relbar on input line 971.
\c@MaxMatrixCols=\count199
\dotsspace@=\muskip16
\c@parentequation=\count266
\dspbrk@lvl=\count267
\tag@help=\toks17
\row@=\count268
\column@=\count269
\maxfields@=\count270
\andhelp@=\toks18
\eqnshift@=\dimen142
\alignsep@=\dimen143
\tagshift@=\dimen144
\tagwidth@=\dimen145
\totwidth@=\dimen146
\lineht@=\dimen147
\@envbody=\toks19
\multlinegap=\skip50
\multlinetaggap=\skip51
\mathdisplay@stack=\toks20
LaTeX Info: Redefining \[ on input line 2953.
LaTeX Info: Redefining \] on input line 2954.
) (c:/Users/denis/AppData/Roaming/TinyTeX/texmf-dist/tex/latex/amsfonts/amssymb.sty
Package: amssymb 2013/01/14 v3.01 AMS font symbols
(c:/Users/denis/AppData/Roaming/TinyTeX/texmf-dist/tex/latex/amsfonts/amsfonts.sty
Package: amsfonts 2013/01/14 v3.01 Basic AMSFonts support
\symAMSa=\mathgroup4
\symAMSb=\mathgroup5
LaTeX Font Info:    Redeclaring math symbol \hbar on input line 98.
LaTeX Font Info:    Overwriting math alphabet `\mathfrak' in version `bold'
(Font)                  U/euf/m/n --> U/euf/b/n on input line 106.
)) (c:/Users/denis/AppData/Roaming/TinyTeX/texmf-dist/tex/latex/lm/lmodern.sty
Package: lmodern 2015/05/01 v1.6.1 Latin Modern Fonts
LaTeX Font Info:    Overwriting symbol font `operators' in version `normal'
(Font)                  OT1/cmr/m/n --> OT1/lmr/m/n on input line 22.
LaTeX Font Info:    Overwriting symbol font `letters' in version `normal'
(Font)                  OML/cmm/m/it --> OML/lmm/m/it on input line 23.
LaTeX Font Info:    Overwriting symbol font `symbols' in version `normal'
(Font)                  OMS/cmsy/m/n --> OMS/lmsy/m/n on input line 24.
LaTeX Font Info:    Overwriting symbol font `largesymbols' in version `normal'
(Font)                  OMX/cmex/m/n --> OMX/lmex/m/n on input line 25.
LaTeX Font Info:    Overwriting symbol font `operators' in version `bold'
(Font)                  OT1/cmr/bx/n --> OT1/lmr/bx/n on input line 26.
LaTeX Font Info:    Overwriting symbol font `letters' in version `bold'
(Font)                  OML/cmm/b/it --> OML/lmm/b/it on input line 27.
LaTeX Font Info:    Overwriting symbol font `symbols' in version `bold'
(Font)                  OMS/cmsy/b/n --> OMS/lmsy/b/n on input line 28.
LaTeX Font Info:    Overwriting symbol font `largesymbols' in version `bold'
(Font)                  OMX/cmex/m/n --> OMX/lmex/m/n on input line 29.
LaTeX Font Info:    Overwriting math alphabet `\mathbf' in version `normal'
(Font)                  OT1/cmr/bx/n --> OT1/lmr/bx/n on input line 31.
LaTeX Font Info:    Overwriting math alphabet `\mathsf' in version `normal'
(Font)                  OT1/cmss/m/n --> OT1/lmss/m/n on input line 32.
LaTeX Font Info:    Overwriting math alphabet `\mathit' in version `normal'
(Font)                  OT1/cmr/m/it --> OT1/lmr/m/it on input line 33.
LaTeX Font Info:    Overwriting math alphabet `\mathtt' in version `normal'
(Font)                  OT1/cmtt/m/n --> OT1/lmtt/m/n on input line 34.
LaTeX Font Info:    Overwriting math alphabet `\mathbf' in version `bold'
(Font)                  OT1/cmr/bx/n --> OT1/lmr/bx/n on input line 35.
LaTeX Font Info:    Overwriting math alphabet `\mathsf' in version `bold'
(Font)                  OT1/cmss/bx/n --> OT1/lmss/bx/n on input line 36.
LaTeX Font Info:    Overwriting math alphabet `\mathit' in version `bold'
(Font)                  OT1/cmr/bx/it --> OT1/lmr/bx/it on input line 37.
LaTeX Font Info:    Overwriting math alphabet `\mathtt' in version `bold'
(Font)                  OT1/cmtt/m/n --> OT1/lmtt/m/n on input line 38.
) (c:/Users/denis/AppData/Roaming/TinyTeX/texmf-dist/tex/generic/iftex/iftex.sty
Package: iftex 2022/02/03 v1.0f TeX engine tests
) (c:/Users/denis/AppData/Roaming/TinyTeX/texmf-dist/tex/latex/base/fontenc.sty
Package: fontenc 2021/04/29 v2.0v Standard LaTeX package
LaTeX Font Info:    Trying to load font information for T1+lmr on input line 112.
(c:/Users/denis/AppData/Roaming/TinyTeX/texmf-dist/tex/latex/lm/t1lmr.fd
File: t1lmr.fd 2015/05/01 v1.6.1 Font defs for Latin Modern
)) (c:/Users/denis/AppData/Roaming/TinyTeX/texmf-dist/tex/latex/base/inputenc.sty
Package: inputenc 2021/02/14 v1.3d Input encoding file
\inpenc@prehook=\toks21
\inpenc@posthook=\toks22
) (c:/Users/denis/AppData/Roaming/TinyTeX/texmf-dist/tex/latex/base/textcomp.sty
Package: textcomp 2020/02/02 v2.0n Standard LaTeX package
) (c:/Users/denis/AppData/Roaming/TinyTeX/texmf-dist/tex/latex/xcolor/xcolor.sty
Package: xcolor 2022/06/12 v2.14 LaTeX color extensions (UK)
(c:/Users/denis/AppData/Roaming/TinyTeX/texmf-dist/tex/latex/graphics-cfg/color.cfg
File: color.cfg 2016/01/02 v1.6 sample color configuration
)
Package xcolor Info: Driver file: pdftex.def on input line 227.
(c:/Users/denis/AppData/Roaming/TinyTeX/texmf-dist/tex/latex/graphics-def/pdftex.def
File: pdftex.def 2022/09/22 v1.2b Graphics/color driver for pdftex
\stockwidth=\dimen148
\stockheight=\dimen149
) (c:/Users/denis/AppData/Roaming/TinyTeX/texmf-dist/tex/latex/graphics/mathcolor.ltx)
Package xcolor Info: Model `cmy' substituted by `cmy0' on input line 1353.
Package xcolor Info: Model `hsb' substituted by `rgb' on input line 1357.
Package xcolor Info: Model `RGB' extended on input line 1369.
Package xcolor Info: Model `HTML' substituted by `rgb' on input line 1371.
Package xcolor Info: Model `Hsb' substituted by `hsb' on input line 1372.
Package xcolor Info: Model `tHsb' substituted by `hsb' on input line 1373.
Package xcolor Info: Model `HSB' substituted by `hsb' on input line 1374.
Package xcolor Info: Model `Gray' substituted by `gray' on input line 1375.
Package xcolor Info: Model `wave' substituted by `hsb' on input line 1376.
) (c:/Users/denis/AppData/Roaming/TinyTeX/texmf-dist/tex/latex/geometry/geometry.sty
Package: geometry 2020/01/02 v5.9 Page Geometry
(c:/Users/denis/AppData/Roaming/TinyTeX/texmf-dist/tex/latex/graphics/keyval.sty
Package: keyval 2022/05/29 v1.15 key=value parser (DPC)
\KV@toks@=\toks23
) (c:/Users/denis/AppData/Roaming/TinyTeX/texmf-dist/tex/generic/iftex/ifvtex.sty
Package: ifvtex 2019/10/25 v1.7 ifvtex legacy package. Use iftex instead.
)
\Gm@cnth=\count271
\Gm@cntv=\count272
\c@Gm@tempcnt=\count273
\Gm@bindingoffset=\dimen150
\Gm@wd@mp=\dimen151
\Gm@odd@mp=\dimen152
\Gm@even@mp=\dimen153
\Gm@layoutwidth=\dimen154
\Gm@layoutheight=\dimen155
\Gm@layouthoffset=\dimen156
\Gm@layoutvoffset=\dimen157
\Gm@dimlist=\toks24
) (c:/Users/denis/AppData/Roaming/TinyTeX/texmf-dist/tex/latex/fancyvrb/fancyvrb.sty
Package: fancyvrb 2022/06/06 4.5 verbatim text (tvz,hv)
\FV@CodeLineNo=\count274
\FV@InFile=\read2
\FV@TabBox=\box53
\c@FancyVerbLine=\count275
\FV@StepNumber=\count276
\FV@OutFile=\write3
) (c:/Users/denis/AppData/Roaming/TinyTeX/texmf-dist/tex/latex/framed/framed.sty
Package: framed 2011/10/22 v 0.96: framed or shaded text with page breaks
\OuterFrameSep=\skip52
\fb@frw=\dimen158
\fb@frh=\dimen159
\FrameRule=\dimen160
\FrameSep=\dimen161
) (c:/Users/denis/AppData/Roaming/TinyTeX/texmf-dist/tex/latex/graphics/graphicx.sty
Package: graphicx 2021/09/16 v1.2d Enhanced LaTeX Graphics (DPC,SPQR)
(c:/Users/denis/AppData/Roaming/TinyTeX/texmf-dist/tex/latex/graphics/graphics.sty
Package: graphics 2022/03/10 v1.4e Standard LaTeX Graphics (DPC,SPQR)
(c:/Users/denis/AppData/Roaming/TinyTeX/texmf-dist/tex/latex/graphics/trig.sty
Package: trig 2021/08/11 v1.11 sin cos tan (DPC)
) (c:/Users/denis/AppData/Roaming/TinyTeX/texmf-dist/tex/latex/graphics-cfg/graphics.cfg
File: graphics.cfg 2016/06/04 v1.11 sample graphics configuration
)
Package graphics Info: Driver file: pdftex.def on input line 107.
)
\Gin@req@height=\dimen162
\Gin@req@width=\dimen163
) (c:/Users/denis/AppData/Roaming/TinyTeX/texmf-dist/tex/latex/hyperref/hyperref.sty
Package: hyperref 2022-09-22 v7.00t Hypertext links for LaTeX
(c:/Users/denis/AppData/Roaming/TinyTeX/texmf-dist/tex/generic/ltxcmds/ltxcmds.sty
Package: ltxcmds 2020-05-10 v1.25 LaTeX kernel commands for general use (HO)
) (c:/Users/denis/AppData/Roaming/TinyTeX/texmf-dist/tex/generic/pdftexcmds/pdftexcmds.sty
Package: pdftexcmds 2020-06-27 v0.33 Utility functions of pdfTeX for LuaTeX (HO)
(c:/Users/denis/AppData/Roaming/TinyTeX/texmf-dist/tex/generic/infwarerr/infwarerr.sty
Package: infwarerr 2019/12/03 v1.5 Providing info/warning/error messages (HO)
)
Package pdftexcmds Info: \pdf@primitive is available.
Package pdftexcmds Info: \pdf@ifprimitive is available.
Package pdftexcmds Info: \pdfdraftmode found.
) (c:/Users/denis/AppData/Roaming/TinyTeX/texmf-dist/tex/latex/kvsetkeys/kvsetkeys.sty
Package: kvsetkeys 2022-10-05 v1.19 Key value parser (HO)
) (c:/Users/denis/AppData/Roaming/TinyTeX/texmf-dist/tex/generic/kvdefinekeys/kvdefinekeys.sty
Package: kvdefinekeys 2019-12-19 v1.6 Define keys (HO)
) (c:/Users/denis/AppData/Roaming/TinyTeX/texmf-dist/tex/generic/pdfescape/pdfescape.sty
Package: pdfescape 2019/12/09 v1.15 Implements pdfTeX's escape features (HO)
) (c:/Users/denis/AppData/Roaming/TinyTeX/texmf-dist/tex/latex/hycolor/hycolor.sty
Package: hycolor 2020-01-27 v1.10 Color options for hyperref/bookmark (HO)
) (c:/Users/denis/AppData/Roaming/TinyTeX/texmf-dist/tex/latex/letltxmacro/letltxmacro.sty
Package: letltxmacro 2019/12/03 v1.6 Let assignment for LaTeX macros (HO)
) (c:/Users/denis/AppData/Roaming/TinyTeX/texmf-dist/tex/latex/auxhook/auxhook.sty
Package: auxhook 2019-12-17 v1.6 Hooks for auxiliary files (HO)
) (c:/Users/denis/AppData/Roaming/TinyTeX/texmf-dist/tex/latex/hyperref/nameref.sty
Package: nameref 2022-05-17 v2.50 Cross-referencing by name of section
(c:/Users/denis/AppData/Roaming/TinyTeX/texmf-dist/tex/latex/refcount/refcount.sty
Package: refcount 2019/12/15 v3.6 Data extraction from label references (HO)
) (c:/Users/denis/AppData/Roaming/TinyTeX/texmf-dist/tex/generic/gettitlestring/gettitlestring.sty
Package: gettitlestring 2019/12/15 v1.6 Cleanup title references (HO)
(c:/Users/denis/AppData/Roaming/TinyTeX/texmf-dist/tex/latex/kvoptions/kvoptions.sty
Package: kvoptions 2022-06-15 v3.15 Key value format for package options (HO)
))
\c@section@level=\count277
)
\@linkdim=\dimen164
\Hy@linkcounter=\count278
\Hy@pagecounter=\count279
(c:/Users/denis/AppData/Roaming/TinyTeX/texmf-dist/tex/latex/hyperref/pd1enc.def
File: pd1enc.def 2022-09-22 v7.00t Hyperref: PDFDocEncoding definition (HO)
Now handling font encoding PD1 ...
... no UTF-8 mapping file for font encoding PD1
) (c:/Users/denis/AppData/Roaming/TinyTeX/texmf-dist/tex/generic/intcalc/intcalc.sty
Package: intcalc 2019/12/15 v1.3 Expandable calculations with integers (HO)
) (c:/Users/denis/AppData/Roaming/TinyTeX/texmf-dist/tex/generic/etexcmds/etexcmds.sty
Package: etexcmds 2019/12/15 v1.7 Avoid name clashes with e-TeX commands (HO)
)
\Hy@SavedSpaceFactor=\count280
(c:/Users/denis/AppData/Roaming/TinyTeX/texmf-dist/tex/latex/hyperref/puenc.def
File: puenc.def 2022-09-22 v7.00t Hyperref: PDF Unicode definition (HO)
Now handling font encoding PU ...
... no UTF-8 mapping file for font encoding PU
)
Package hyperref Info: Option `unicode' set `true' on input line 4045.
Package hyperref Info: Hyper figures OFF on input line 4162.
Package hyperref Info: Link nesting OFF on input line 4167.
Package hyperref Info: Hyper index ON on input line 4170.
Package hyperref Info: Plain pages OFF on input line 4177.
Package hyperref Info: Backreferencing OFF on input line 4182.
Package hyperref Info: Implicit mode ON; LaTeX internals redefined.
Package hyperref Info: Bookmarks ON on input line 4410.
\c@Hy@tempcnt=\count281
(c:/Users/denis/AppData/Roaming/TinyTeX/texmf-dist/tex/latex/url/url.sty
\Urlmuskip=\muskip17
Package: url 2013/09/16  ver 3.4  Verb mode for urls, etc.
)
LaTeX Info: Redefining \url on input line 4748.
\XeTeXLinkMargin=\dimen165
(c:/Users/denis/AppData/Roaming/TinyTeX/texmf-dist/tex/generic/bitset/bitset.sty
Package: bitset 2019/12/09 v1.3 Handle bit-vector datatype (HO)
(c:/Users/denis/AppData/Roaming/TinyTeX/texmf-dist/tex/generic/bigintcalc/bigintcalc.sty
Package: bigintcalc 2019/12/15 v1.5 Expandable calculations on big integers (HO)
))
\Fld@menulength=\count282
\Field@Width=\dimen166
\Fld@charsize=\dimen167
Package hyperref Info: Hyper figures OFF on input line 6027.
Package hyperref Info: Link nesting OFF on input line 6032.
Package hyperref Info: Hyper index ON on input line 6035.
Package hyperref Info: backreferencing OFF on input line 6042.
Package hyperref Info: Link coloring OFF on input line 6047.
Package hyperref Info: Link coloring with OCG OFF on input line 6052.
Package hyperref Info: PDF/A mode OFF on input line 6057.
(c:/Users/denis/AppData/Roaming/TinyTeX/texmf-dist/tex/latex/base/atbegshi-ltx.sty
Package: atbegshi-ltx 2021/01/10 v1.0c Emulation of the original atbegshi
package with kernel methods
)
\Hy@abspage=\count283
\c@Item=\count284
\c@Hfootnote=\count285
)
Package hyperref Info: Driver (autodetected): hpdftex.
(c:/Users/denis/AppData/Roaming/TinyTeX/texmf-dist/tex/latex/hyperref/hpdftex.def
File: hpdftex.def 2022-09-22 v7.00t Hyperref driver for pdfTeX
(c:/Users/denis/AppData/Roaming/TinyTeX/texmf-dist/tex/latex/base/atveryend-ltx.sty
Package: atveryend-ltx 2020/08/19 v1.0a Emulation of the original atveryend package
with kernel methods
)
\Fld@listcount=\count286
\c@bookmark@seq@number=\count287
(c:/Users/denis/AppData/Roaming/TinyTeX/texmf-dist/tex/latex/rerunfilecheck/rerunfilecheck.sty
Package: rerunfilecheck 2022-07-10 v1.10 Rerun checks for auxiliary files (HO)
(c:/Users/denis/AppData/Roaming/TinyTeX/texmf-dist/tex/generic/uniquecounter/uniquecounter.sty
Package: uniquecounter 2019/12/15 v1.4 Provide unlimited unique counter (HO)
)
Package uniquecounter Info: New unique counter `rerunfilecheck' on input line 285.
)
\Hy@SectionHShift=\skip53
) (c:/Users/denis/AppData/Roaming/TinyTeX/texmf-dist/tex/latex/l3backend/l3backend-pdftex.def
File: l3backend-pdftex.def 2022-10-26 L3 backend support: PDF output (pdfTeX)
\l__color_backend_stack_int=\count288
\l__pdf_internal_box=\box54
)
No file Assignment-5.aux.
\openout1 = `Assignment-5.aux'.

LaTeX Font Info:    Checking defaults for OML/cmm/m/it on input line 109.
LaTeX Font Info:    ... okay on input line 109.
LaTeX Font Info:    Checking defaults for OMS/cmsy/m/n on input line 109.
LaTeX Font Info:    ... okay on input line 109.
LaTeX Font Info:    Checking defaults for OT1/cmr/m/n on input line 109.
LaTeX Font Info:    ... okay on input line 109.
LaTeX Font Info:    Checking defaults for T1/cmr/m/n on input line 109.
LaTeX Font Info:    ... okay on input line 109.
LaTeX Font Info:    Checking defaults for TS1/cmr/m/n on input line 109.
LaTeX Font Info:    ... okay on input line 109.
LaTeX Font Info:    Checking defaults for OMX/cmex/m/n on input line 109.
LaTeX Font Info:    ... okay on input line 109.
LaTeX Font Info:    Checking defaults for U/cmr/m/n on input line 109.
LaTeX Font Info:    ... okay on input line 109.
LaTeX Font Info:    Checking defaults for PD1/pdf/m/n on input line 109.
LaTeX Font Info:    ... okay on input line 109.
LaTeX Font Info:    Checking defaults for PU/pdf/m/n on input line 109.
LaTeX Font Info:    ... okay on input line 109.
(c:/Users/denis/AppData/Roaming/TinyTeX/texmf-dist/tex/latex/epstopdf-pkg/epstopdf-base.sty
Package: epstopdf-base 2020-01-24 v2.11 Base part for package epstopdf
Package epstopdf-base Info: Redefining graphics rule for `.eps' on input line 485.
(c:/Users/denis/AppData/Roaming/TinyTeX/texmf-dist/tex/latex/latexconfig/epstopdf-sys.cfg
File: epstopdf-sys.cfg 2010/07/13 v1.3 Configuration of (r)epstopdf for TeX Live
))
*geometry* driver: auto-detecting
*geometry* detected driver: pdftex
*geometry* verbose mode - [ preamble ] result:
* driver: pdftex
* paper: <default>
* layout: <same size as paper>
* layoutoffset:(h,v)=(0.0pt,0.0pt)
* modes: 
* h-part:(L,W,R)=(72.26999pt, 469.75502pt, 72.26999pt)
* v-part:(T,H,B)=(72.26999pt, 650.43001pt, 72.26999pt)
* \paperwidth=614.295pt
* \paperheight=794.96999pt
* \textwidth=469.75502pt
* \textheight=650.43001pt
* \oddsidemargin=0.0pt
* \evensidemargin=0.0pt
* \topmargin=-37.0pt
* \headheight=12.0pt
* \headsep=25.0pt
* \topskip=10.0pt
* \footskip=30.0pt
* \marginparwidth=65.0pt
* \marginparsep=11.0pt
* \columnsep=10.0pt
* \skip\footins=9.0pt plus 4.0pt minus 2.0pt
* \hoffset=0.0pt
* \voffset=0.0pt
* \mag=1000
* \@twocolumnfalse
* \@twosidefalse
* \@mparswitchfalse
* \@reversemarginfalse
* (1in=72.27pt=25.4mm, 1cm=28.453pt)

Package hyperref Info: Link coloring OFF on input line 109.
\@outlinefile=\write4
\openout4 = `Assignment-5.out'.

LaTeX Font Info:    Trying to load font information for OT1+lmr on input line 111.
(c:/Users/denis/AppData/Roaming/TinyTeX/texmf-dist/tex/latex/lm/ot1lmr.fd
File: ot1lmr.fd 2015/05/01 v1.6.1 Font defs for Latin Modern
)
LaTeX Font Info:    Trying to load font information for OML+lmm on input line 111.
(c:/Users/denis/AppData/Roaming/TinyTeX/texmf-dist/tex/latex/lm/omllmm.fd
File: omllmm.fd 2015/05/01 v1.6.1 Font defs for Latin Modern
)
LaTeX Font Info:    Trying to load font information for OMS+lmsy on input line 111.
(c:/Users/denis/AppData/Roaming/TinyTeX/texmf-dist/tex/latex/lm/omslmsy.fd
File: omslmsy.fd 2015/05/01 v1.6.1 Font defs for Latin Modern
)
LaTeX Font Info:    Trying to load font information for OMX+lmex on input line 111.
(c:/Users/denis/AppData/Roaming/TinyTeX/texmf-dist/tex/latex/lm/omxlmex.fd
File: omxlmex.fd 2015/05/01 v1.6.1 Font defs for Latin Modern
)
LaTeX Font Info:    External font `lmex10' loaded for size
(Font)              <12> on input line 111.
LaTeX Font Info:    External font `lmex10' loaded for size
(Font)              <8> on input line 111.
LaTeX Font Info:    External font `lmex10' loaded for size
(Font)              <6> on input line 111.
LaTeX Font Info:    Trying to load font information for U+msa on input line 111.
(c:/Users/denis/AppData/Roaming/TinyTeX/texmf-dist/tex/latex/amsfonts/umsa.fd
File: umsa.fd 2013/01/14 v3.01 AMS symbols A
)
LaTeX Font Info:    Trying to load font information for U+msb on input line 111.
(c:/Users/denis/AppData/Roaming/TinyTeX/texmf-dist/tex/latex/amsfonts/umsb.fd
File: umsb.fd 2013/01/14 v3.01 AMS symbols B
)
LaTeX Font Info:    Trying to load font information for T1+lmtt on input line 119.
(c:/Users/denis/AppData/Roaming/TinyTeX/texmf-dist/tex/latex/lm/t1lmtt.fd
File: t1lmtt.fd 2015/05/01 v1.6.1 Font defs for Latin Modern
) [1

{c:/Users/denis/AppData/Roaming/TinyTeX/texmf-var/fonts/map/pdftex/updmap/pdftex.map}]
<Assignment-5_files/figure-latex/unnamed-chunk-3-1.pdf, id=21, 469.755pt x 325.215pt>
File: Assignment-5_files/figure-latex/unnamed-chunk-3-1.pdf Graphic file (type pdf)
<use Assignment-5_files/figure-latex/unnamed-chunk-3-1.pdf>
Package pdftex.def Info: Assignment-5_files/figure-latex/unnamed-chunk-3-1.pdf  used on input line 192.
(pdftex.def)             Requested size: 469.75386pt x 325.2142pt.
<Assignment-5_files/figure-latex/unnamed-chunk-3-2.pdf, id=22, 469.755pt x 325.215pt>
File: Assignment-5_files/figure-latex/unnamed-chunk-3-2.pdf Graphic file (type pdf)
<use Assignment-5_files/figure-latex/unnamed-chunk-3-2.pdf>
Package pdftex.def Info: Assignment-5_files/figure-latex/unnamed-chunk-3-2.pdf  used on input line 193.
(pdftex.def)             Requested size: 469.75386pt x 325.2142pt.
<Assignment-5_files/figure-latex/unnamed-chunk-3-3.pdf, id=23, 469.755pt x 325.215pt>
File: Assignment-5_files/figure-latex/unnamed-chunk-3-3.pdf Graphic file (type pdf)
<use Assignment-5_files/figure-latex/unnamed-chunk-3-3.pdf>
Package pdftex.def Info: Assignment-5_files/figure-latex/unnamed-chunk-3-3.pdf  used on input line 194.
(pdftex.def)             Requested size: 469.75386pt x 325.2142pt.
<Assignment-5_files/figure-latex/unnamed-chunk-3-4.pdf, id=24, 469.755pt x 325.215pt>
File: Assignment-5_files/figure-latex/unnamed-chunk-3-4.pdf Graphic file (type pdf)
<use Assignment-5_files/figure-latex/unnamed-chunk-3-4.pdf>
Package pdftex.def Info: Assignment-5_files/figure-latex/unnamed-chunk-3-4.pdf  used on input line 195.
(pdftex.def)             Requested size: 469.75386pt x 325.2142pt.

Underfull \hbox (badness 10000) in paragraph at lines 192--196
[][]
 []


Underfull \hbox (badness 10000) in paragraph at lines 192--196
[]
 []


Underfull \hbox (badness 10000) in paragraph at lines 192--196
[]
 []

[2 <./Assignment-5_files/figure-latex/unnamed-chunk-3-1.pdf>] [3 <./Assignment-5_files/figure-latex/unnamed-chunk-3-2.pdf>] [4 <./Assignment-5_files/figure-latex/unnamed-chunk-3-3.pdf>] [5 <./Assignment-5_files/figure-latex/unnamed-chunk-3-4.pdf>] [6]
LaTeX Font Info:    Trying to load font information for TS1+lmtt on input line 348.
(c:/Users/denis/AppData/Roaming/TinyTeX/texmf-dist/tex/latex/lm/ts1lmtt.fd
File: ts1lmtt.fd 2015/05/01 v1.6.1 Font defs for Latin Modern
)
<Assignment-5_files/figure-latex/unnamed-chunk-6-1.pdf, id=69, 469.755pt x 325.215pt>
File: Assignment-5_files/figure-latex/unnamed-chunk-6-1.pdf Graphic file (type pdf)
<use Assignment-5_files/figure-latex/unnamed-chunk-6-1.pdf>
Package pdftex.def Info: Assignment-5_files/figure-latex/unnamed-chunk-6-1.pdf  used on input line 352.
(pdftex.def)             Requested size: 469.75386pt x 325.2142pt.
[7]
<Assignment-5_files/figure-latex/unnamed-chunk-6-2.pdf, id=82, 469.755pt x 325.215pt>
File: Assignment-5_files/figure-latex/unnamed-chunk-6-2.pdf Graphic file (type pdf)
<use Assignment-5_files/figure-latex/unnamed-chunk-6-2.pdf>
Package pdftex.def Info: Assignment-5_files/figure-latex/unnamed-chunk-6-2.pdf  used on input line 361.
(pdftex.def)             Requested size: 469.75386pt x 325.2142pt.
[8 <./Assignment-5_files/figure-latex/unnamed-chunk-6-1.pdf>]
<Assignment-5_files/figure-latex/unnamed-chunk-6-3.pdf, id=92, 469.755pt x 325.215pt>
File: Assignment-5_files/figure-latex/unnamed-chunk-6-3.pdf Graphic file (type pdf)
<use Assignment-5_files/figure-latex/unnamed-chunk-6-3.pdf>
Package pdftex.def Info: Assignment-5_files/figure-latex/unnamed-chunk-6-3.pdf  used on input line 370.
(pdftex.def)             Requested size: 469.75386pt x 325.2142pt.
[9 <./Assignment-5_files/figure-latex/unnamed-chunk-6-2.pdf>]
<Assignment-5_files/figure-latex/unnamed-chunk-6-4.pdf, id=102, 469.755pt x 325.215pt>
File: Assignment-5_files/figure-latex/unnamed-chunk-6-4.pdf Graphic file (type pdf)
<use Assignment-5_files/figure-latex/unnamed-chunk-6-4.pdf>
Package pdftex.def Info: Assignment-5_files/figure-latex/unnamed-chunk-6-4.pdf  used on input line 379.
(pdftex.def)             Requested size: 469.75386pt x 325.2142pt.
[10 <./Assignment-5_files/figure-latex/unnamed-chunk-6-3.pdf>]
<Assignment-5_files/figure-latex/unnamed-chunk-6-5.pdf, id=112, 469.755pt x 325.215pt>
File: Assignment-5_files/figure-latex/unnamed-chunk-6-5.pdf Graphic file (type pdf)
<use Assignment-5_files/figure-latex/unnamed-chunk-6-5.pdf>
Package pdftex.def Info: Assignment-5_files/figure-latex/unnamed-chunk-6-5.pdf  used on input line 388.
(pdftex.def)             Requested size: 469.75386pt x 325.2142pt.
[11 <./Assignment-5_files/figure-latex/unnamed-chunk-6-4.pdf>] [12 <./Assignment-5_files/figure-latex/unnamed-chunk-6-5.pdf>]
<Assignment-5_files/figure-latex/unnamed-chunk-8-1.pdf, id=133, 469.755pt x 325.215pt>
File: Assignment-5_files/figure-latex/unnamed-chunk-8-1.pdf Graphic file (type pdf)
<use Assignment-5_files/figure-latex/unnamed-chunk-8-1.pdf>
Package pdftex.def Info: Assignment-5_files/figure-latex/unnamed-chunk-8-1.pdf  used on input line 466.
(pdftex.def)             Requested size: 469.75386pt x 325.2142pt.
[13] [14 <./Assignment-5_files/figure-latex/unnamed-chunk-8-1.pdf>] [15] [16] [17] [18] [19] [20]
Overfull \hbox (13048.95569pt too wide) in paragraph at lines 970--970
[]\T1/lmtt/m/n/10 ##                                                                                                                                                                                                                                                                                                                                                                                                                                                                                                                                                                                                                                                                                                                                                                                                                                                                                                                                                                                                                                                                                                                                                                                                                                                                                                                                                                                                                                                                                                                                                                                                                                                                                                                                                                                                                                                                                                                                                                                                                                                                                                                                                                                                                                                                                                                                                                                                                                                                                                                                                                                                                                                                         text[] 
 []


Overfull \hbox (13048.95569pt too wide) in paragraph at lines 970--970
[]\T1/lmtt/m/n/10 ## 1 Ad sales boost Time Warner profit\n\nQuarterly profits at US media giant TimeWarner jumped 76% to $1.13bn (¿600m) for the three months to December, from $639m year-earlier.\n\nThe firm, which is now one of the biggest investors in Google, benefited from sales of high-speed internet connections and higher advert sales. TimeWarner said fourth quarter sales rose 2% to $11.1bn from $10.9bn. Its profits were buoyed by one-off gains which offset a profit dip at Warner Bros, and less users for AOL.\n\nTime Warner said on Friday that it now owns 8% of search-engine Google. But its own internet business, AOL, had has mixed fortunes. It lost 464,000 subscribers in the fourth quarter profits were lower than in the preceding three quarters. However, the company said AOL's underlying profit before exceptional items rose 8% on the back of stronger internet advertising revenues. It hopes to increase subscribers by offering the online service free to TimeWarner internet customers and will try to sign up AOL's existing customers for high-speed broadband. TimeWarner also has to restate 2000 and 2003 results following a probe by the US Securities Exchange Commission (SEC), which is close to concluding.\n\nTime Warner's fourth quarter profits were slightly better than analysts' expectations. But its film division saw profits slump 27% to $284m, helped by box-office flops Alexander and Catwoman, a sharp contrast to year-earlier, when the third and final film in the Lord of the Rings trilogy boosted results. For the full-year, TimeWarner posted a profit of $3.36bn, up 27% from its 2003 performance, while revenues grew 6.4% to $42.09bn. "Our financial performance was strong, meeting or exceeding all of our full-year objectives and greatly enhancing our flexibility," chairman and chief executive Richard Parsons said. For 2005, TimeWarner is projecting operating earnings growth of around 5%, and also expects higher revenue and wider profit margins.\n\nTimeWarner is to restate its accounts as part of efforts to resolve an inquiry into AOL by US market regulators. It has already offered to pay $300m to settle charges, in a deal that is under review by the SEC. The company said it was unable to estimate the amount it needed to set aside for legal reserves, which it previously set at $500m. It intends to adjust the way it accounts for a deal with German music publisher Bertelsmann's purchase of a stake in AOL Europe, which it had reported as advertising revenue. It will now book the sale of its stake in AOL Europe as a loss on the value of that stake.\n[] 
 []


Overfull \hbox (13048.95569pt too wide) in paragraph at lines 970--970
[]\T1/lmtt/m/n/10 ## 2                                                                                                                                                                                                                                                                                                                        Dollar gains on Greenspan speech\n\nThe dollar has hit its highest level against the euro in almost three months after the Federal Reserve head said the US trade deficit is set to stabilise.\n\nAnd Alan Greenspan highlighted the US government's willingness to curb spending and rising household savings as factors which may help to reduce it. In late trading in New York, the dollar reached $1.2871 against the euro, from $1.2974 on Thursday. Market concerns about the deficit has hit the greenback in recent months. On Friday, Federal Reserve chairman Mr Greenspan's speech in London ahead of the meeting of G7 finance ministers sent the dollar higher after it had earlier tumbled on the back of worse-than-expected US jobs data. "I think the chairman's taking a much more sanguine view on the current account deficit than he's taken for some time," said Robert Sinche, head of currency strategy at Bank of America in New York. "He's taking a longer-term view, laying out a set of conditions under which the current account deficit can improve this year and next."\n\nWorries about the deficit concerns about China do, however, remain. China's currency remains pegged to the dollar and the US currency's sharp falls in recent months have therefore made Chinese export prices highly competitive. But calls for a shift in Beijing's policy have fallen on deaf ears, despite recent comments in a major Chinese newspaper that the "time is ripe" for a loosening of the peg. The G7 meeting is thought unlikely to produce any meaningful movement in Chinese policy. In the meantime, the US Federal Reserve's decision on 2 February to boost interest rates by a quarter of a point - the sixth such move in as many months - has opened up a differential with European rates. The half-point window, some believe, could be enough to keep US assets looking more attractive, and could help prop up the dollar. The recent falls have partly been the result of big budget deficits, as well as the US's yawning current account gap, both of which need to be funded by the buying of US bonds and assets by foreign firms and governments. The White House will announce its budget on Monday, and many commentators believe the deficit will remain at close to half a trillion dollars.\n[] 
 []


Overfull \hbox (13048.95569pt too wide) in paragraph at lines 970--970
[]\T1/lmtt/m/n/10 ## 3                                                                                                                                                                                                                                                                                                                                                                                                                                                                                                                                                                                                                                                                                                                                                                                                                                                                                                                                                                                                                                                     Yukos unit buyer faces loan claim\n\nThe owners of embattled Russian oil giant Yukos are to ask the buyer of its former production unit to pay back a $900m (¿479m) loan.\n\nState-owned Rosneft bought the Yugansk unit for $9.3bn in a sale forced by Russia to part settle a $27.5bn tax claim against Yukos. Yukos' owner Menatep Group says it will ask Rosneft to repay a loan that Yugansk had secured on its assets. Rosneft already faces a similar $540m repayment demand from foreign banks. Legal experts said Rosneft's purchase of Yugansk would include such obligations. "The pledged assets are with Rosneft, so it will have to pay real money to the creditors to avoid seizure of Yugansk assets," said Moscow-based US lawyer Jamie Firestone, who is not connected to the case. Menatep Group's managing director Tim Osborne told the Reuters news agency: "If they default, we will fight them where the rule of law exists under the international arbitration clauses of the credit."\n\nRosneft officials were unavailable for comment. But the company has said it intends to take action against Menatep to recover some of the tax claims and debts owed by Yugansk. Yukos had filed for bankruptcy protection in a US court in an attempt to prevent the forced sale of its main production arm. The sale went ahead in December and Yugansk was sold to a little-known shell company which in turn was bought by Rosneft. Yukos claims its downfall was punishment for the political ambitions of its founder Mikhail Khodorkovsky and has vowed to sue any participant in the sale.\n[] 
 []


Overfull \hbox (13048.95569pt too wide) in paragraph at lines 970--970
[]\T1/lmtt/m/n/10 ## 4                                                                                                                                                               High fuel prices hit BA's profits\n\nBritish Airways has blamed high fuel prices for a 40% drop in profits.\n\nReporting its results for the three months to 31 December 2004, the airline made a pre-tax profit of ¿75m ($141m) compared with ¿125m a year earlier. Rod Eddington, BA's chief executive, said the results were "respectable" in a third quarter when fuel costs rose by ¿106m or 47.3%. BA's profits were still better than market expectation of ¿59m, and it expects a rise in full-year revenues.\n\nTo help offset the increased price of aviation fuel, BA last year introduced a fuel surcharge for passengers.\n\nIn October, it increased this from ¿6 to ¿10 one-way for all long-haul flights, while the short-haul surcharge was raised from ¿2.50 to ¿4 a leg. Yet aviation analyst Mike Powell of Dresdner Kleinwort Wasserstein says BA's estimated annual surcharge revenues - ¿160m - will still be way short of its additional fuel costs - a predicted extra ¿250m. Turnover for the quarter was up 4.3% to ¿1.97bn, further benefiting from a rise in cargo revenue. Looking ahead to its full year results to March 2005, BA warned that yields - average revenues per passenger - were expected to decline as it continues to lower prices in the face of competition from low-cost carriers. However, it said sales would be better than previously forecast. "For the year to March 2005, the total revenue outlook is slightly better than previous guidance with a 3% to 3.5% improvement anticipated," BA chairman Martin Broughton said. BA had previously forecast a 2% to 3% rise in full-year revenue.\n\nIt also reported on Friday that passenger numbers rose 8.1% in January. Aviation analyst Nick Van den Brul of BNP Paribas described BA's latest quarterly results as "pretty modest". "It is quite good on the revenue side and it shows the impact of fuel surcharges and a positive cargo development, however, operating margins down and cost impact of fuel are very strong," he said. Since the 11 September 2001 attacks in the United States, BA has cut 13,000 jobs as part of a major cost-cutting drive. "Our focus remains on reducing controllable costs and debt whilst continuing to invest in our products," Mr Eddington said. "For example, we have taken delivery of six Airbus A321 aircraft and next month we will start further improvements to our Club World flat beds." BA's shares closed up four pence at 274.5 pence.\n[] 
 []


Overfull \hbox (13048.95569pt too wide) in paragraph at lines 970--970
[]\T1/lmtt/m/n/10 ## 5                                                                                                                                                                                                                                                                                                                                                                                                                                                                                                                                                                                                                                                                                                                                                                                                                                                                                                                                                                                                                                   Pernod takeover talk lifts Domecq\n\nShares in UK drinks and food firm Allied Domecq have risen on speculation that it could be the target of a takeover by France's Pernod Ricard.\n\nReports in the Wall Street Journal and the Financial Times suggested that the French spirits firm is considering a bid, but has yet to contact its target. Allied Domecq shares in London rose 4% by 1200 GMT, while Pernod shares in Paris slipped 1.2%. Pernod said it was seeking acquisitions but refused to comment on specifics.\n\nPernod's last major purchase was a third of US giant Seagram in 2000, the move which propelled it into the global top three of drinks firms. The other two-thirds of Seagram was bought by market leader Diageo. In terms of market value, Pernod - at 7.5bn euros ($9.7bn) - is about 9% smaller than Allied Domecq, which has a capitalisation of ¿5.7bn ($10.7bn; 8.2bn euros). Last year Pernod tried to buy Glenmorangie, one of Scotland's premier whisky firms, but lost out to luxury goods firm LVMH. Pernod is home to brands including Chivas Regal Scotch whisky, Havana Club rum and Jacob's Creek wine. Allied Domecq's big names include Malibu rum, Courvoisier brandy, Stolichnaya vodka and Ballantine's whisky - as well as snack food chains such as Dunkin' Donuts and Baskin-Robbins ice cream. The WSJ said that the two were ripe for consolidation, having each dealt with problematic parts of their portfolio. Pernod has reduced the debt it took on to fund the Seagram purchase to just 1.8bn euros, while Allied has improved the performance of its fast-food chains.\n[] 
 []


Overfull \hbox (13048.95569pt too wide) in paragraph at lines 970--970
[]\T1/lmtt/m/n/10 ## 6                                                                                                                                                                                                                                                                                                                                                                                                                                                                                                                                                                                                                                                                                                                                                                                                                                                                                                                                                                                                                                                                                                                                                                                                                                                                                                                                                                                                                                 Japan narrowly escapes recession\n\nJapan's economy teetered on the brink of a technical recession in the three months to September, figures show.\n\nRevised figures indicated growth of just 0.1% - and a similar-sized contraction in the previous quarter. On an annual basis, the data suggests annual growth of just 0.2%, suggesting a much more hesitant recovery than had previously been thought. A common technical definition of a recession is two successive quarters of negative growth.\n\nThe government was keen to play down the worrying implications of the data. "I maintain the view that Japan's economy remains in a minor adjustment phase in an upward climb, and we will monitor developments carefully," said economy minister Heizo Takenaka. But in the face of the strengthening yen making exports less competitive and indications of weakening economic conditions ahead, observers were less sanguine. "It's painting a picture of a recovery... much patchier than previously thought," said Paul Sheard, economist at Lehman Brothers in Tokyo. Improvements in the job market apparently have yet to feed through to domestic demand, with private consumption up just 0.2% in the third quarter.\n[] 
 []


! LaTeX Error: Unicode character ã€€ (U+3000)
               not set up for use with LaTeX.

See the LaTeX manual or LaTeX Companion for explanation.
Type  H <return>  for immediate help.
 ...                                              
                                                  
l.980 ...) }\SpecialCharTok{\%\textgreater{}\%}ã€€
                                                   
Here is how much of TeX's memory you used:
 11110 strings out of 477026
 177852 string characters out of 5826497
 587170 words of memory out of 5000000
 32040 multiletter control sequences out of 15000+600000
 503137 words of font info for 53 fonts, out of 8000000 for 9000
 14 hyphenation exceptions out of 8191
 72i,5n,77p,2605b,576s stack positions out of 10000i,1000n,20000p,200000b,200000s

!  ==> Fatal error occurred, no output PDF file produced!
